<?xml version="1.0" encoding="UTF-8"?>
<testng-results ignored="0" total="1" passed="1" failed="0" skipped="0">
  <reporter-output>
    <line>
      <![CDATA[==Testing is starting==]]>
    </line>
  </reporter-output>
  <suite started-at="2023-03-16T12:12:56 EET" name="Default suite" finished-at="2023-03-16T12:13:26 EET" duration-ms="29924">
    <groups>
    </groups>
    <test started-at="2023-03-16T12:12:56 EET" name="Default test" finished-at="2023-03-16T12:13:26 EET" duration-ms="29924">
      <class name="OmnilimoProj.Tests.SUV.HourlyReservationsSuvTest">
        <test-method is-config="true" signature="stepsBefore()[pri:0, instance:OmnilimoProj.Tests.SUV.HourlyReservationsSuvTest@4efac082]" started-at="2023-03-16T12:12:56 EET" name="stepsBefore" finished-at="2023-03-16T12:13:03 EET" duration-ms="6860" status="PASS">
          <reporter-output>
            <line>
              <![CDATA[==Testing is starting==]]>
            </line>
          </reporter-output>
        </test-method> <!-- stepsBefore -->
        <test-method signature="stepsToRepBookHourlySuv()[pri:0, instance:OmnilimoProj.Tests.SUV.HourlyReservationsSuvTest@4efac082]" started-at="2023-03-16T12:13:03 EET" name="stepsToRepBookHourlySuv" finished-at="2023-03-16T12:13:26 EET" duration-ms="22768" status="PASS">
          <reporter-output>
          </reporter-output>
        </test-method> <!-- stepsToRepBookHourlySuv -->
        <test-method is-config="true" signature="stepsAfter()[pri:0, instance:OmnilimoProj.Tests.SUV.HourlyReservationsSuvTest@4efac082]" started-at="2023-03-16T12:13:26 EET" name="stepsAfter" finished-at="2023-03-16T12:13:26 EET" duration-ms="272" status="PASS">
          <reporter-output>
          </reporter-output>
        </test-method> <!-- stepsAfter -->
      </class> <!-- OmnilimoProj.Tests.SUV.HourlyReservationsSuvTest -->
    </test> <!-- Default test -->
  </suite> <!-- Default suite -->
</testng-results>
